

***********************************************************************
Fatal NI connect error 12170.

  VERSION INFORMATION:
	TNS for Linux: Version 10.2.0.1.0 - Production
	TCP/IP NT Protocol Adapter for Linux: Version 10.2.0.1.0 - Production
  Time: 27-AUG-2010 16:13:46
  Tracing not turned on.
  Tns error struct:
    ns main err code: 12535
    TNS-12535: Message 12535 not found; No message file for product=network, facility=TNS
    ns secondary err code: 12560
    nt main err code: 505
    TNS-00505: Message 505 not found; No message file for product=network, facility=TNS
    nt secondary err code: 110
    nt OS err code: 0
  Client address: <unknown>


***********************************************************************
Fatal NI connect error 12637, connecting to:
 (DESCRIPTION=(CONNECT_DATA=(SERVICE_NAME=trndb)(CID=(PROGRAM=irb@g2ix-laptop)(HOST=g2ix-laptop)(USER=g2ix)))(ADDRESS=(PROTOCOL=TCP)(HOST=192.168.138.8)(PORT=1521)))

  VERSION INFORMATION:
	TNS for Linux: Version 10.2.0.1.0 - Production
	TCP/IP NT Protocol Adapter for Linux: Version 10.2.0.1.0 - Production
  Time: 11-OCT-2010 11:27:25
  Tracing not turned on.
  Tns error struct:
    ns main err code: 12637
    TNS-12637: Message 12637 not found; No message file for product=network, facility=TNS
    ns secondary err code: 12537
    nt main err code: 0
    nt secondary err code: 0
    nt OS err code: 0


***********************************************************************
Fatal NI connect error 12547, connecting to:
 (DESCRIPTION=(CONNECT_DATA=(SERVICE_NAME=trndb)(CID=(PROGRAM=irb@g2ix-laptop)(HOST=g2ix-laptop)(USER=g2ix)))(ADDRESS=(PROTOCOL=TCP)(HOST=192.168.138.8)(PORT=1521)))

  VERSION INFORMATION:
	TNS for Linux: Version 10.2.0.1.0 - Production
	TCP/IP NT Protocol Adapter for Linux: Version 10.2.0.1.0 - Production
  Time: 11-OCT-2010 13:13:42
  Tracing not turned on.
  Tns error struct:
    ns main err code: 12547
    TNS-12547: Message 12547 not found; No message file for product=network, facility=TNS
    ns secondary err code: 12560
    nt main err code: 517
    TNS-00517: Message 517 not found; No message file for product=network, facility=TNS
    nt secondary err code: 104
    nt OS err code: 0


***********************************************************************
Fatal NI connect error 12170.

  VERSION INFORMATION:
	TNS for Linux: Version 10.2.0.1.0 - Production
	TCP/IP NT Protocol Adapter for Linux: Version 10.2.0.1.0 - Production
  Time: 02-MAY-2011 11:37:06
  Tracing not turned on.
  Tns error struct:
    ns main err code: 12535
    TNS-12535: Message 12535 not found; No message file for product=network, facility=TNS
    ns secondary err code: 12560
    nt main err code: 505
    TNS-00505: Message 505 not found; No message file for product=network, facility=TNS
    nt secondary err code: 110
    nt OS err code: 0


***********************************************************************
Fatal NI connect error 12516, connecting to:
 (DESCRIPTION=(CONNECT_DATA=(SERVICE_NAME=QADB)(CID=(PROGRAM=irb)(HOST=exist)(USER=exist)))(ADDRESS=(PROTOCOL=TCP)(HOST=192.168.137.2)(PORT=1521)))

  VERSION INFORMATION:
	TNS for Linux: Version 10.2.0.1.0 - Production
	TCP/IP NT Protocol Adapter for Linux: Version 10.2.0.1.0 - Production
  Time: 01-JUN-2011 15:08:45
  Tracing not turned on.
  Tns error struct:
    ns main err code: 12564
    TNS-12564: Message 12564 not found; No message file for product=network, facility=TNS
    ns secondary err code: 0
    nt main err code: 0
    nt secondary err code: 0
    nt OS err code: 0


***********************************************************************
Fatal NI connect error 12516, connecting to:
 (DESCRIPTION=(CONNECT_DATA=(SERVICE_NAME=QADB)(CID=(PROGRAM=irb)(HOST=exist)(USER=exist)))(ADDRESS=(PROTOCOL=TCP)(HOST=192.168.137.2)(PORT=1521)))

  VERSION INFORMATION:
	TNS for Linux: Version 10.2.0.1.0 - Production
	TCP/IP NT Protocol Adapter for Linux: Version 10.2.0.1.0 - Production
  Time: 01-JUN-2011 15:09:34
  Tracing not turned on.
  Tns error struct:
    ns main err code: 12564
    TNS-12564: Message 12564 not found; No message file for product=network, facility=TNS
    ns secondary err code: 0
    nt main err code: 0
    nt secondary err code: 0
    nt OS err code: 0


***********************************************************************
Fatal NI connect error 12170.

  VERSION INFORMATION:
	TNS for Linux: Version 10.2.0.1.0 - Production
	TCP/IP NT Protocol Adapter for Linux: Version 10.2.0.1.0 - Production
  Time: 16-JUN-2011 10:54:51
  Tracing not turned on.
  Tns error struct:
    ns main err code: 12535
    TNS-12535: Message 12535 not found; No message file for product=network, facility=TNS
    ns secondary err code: 12560
    nt main err code: 505
    TNS-00505: Message 505 not found; No message file for product=network, facility=TNS
    nt secondary err code: 110
    nt OS err code: 0


***********************************************************************
Fatal NI connect error 12543, connecting to:
 (DESCRIPTION=(CONNECT_DATA=(SERVICE_NAME=QADB)(CID=(PROGRAM=irb@exist)(HOST=exist)(USER=exist)))(ADDRESS=(PROTOCOL=TCP)(HOST=192.168.137.2)(PORT=1521)))

  VERSION INFORMATION:
	TNS for Linux: Version 10.2.0.1.0 - Production
	TCP/IP NT Protocol Adapter for Linux: Version 10.2.0.1.0 - Production
  Time: 07-JUL-2011 18:21:29
  Tracing not turned on.
  Tns error struct:
    ns main err code: 12543
    TNS-12543: Message 12543 not found; No message file for product=network, facility=TNS
    ns secondary err code: 12560
    nt main err code: 513
    TNS-00513: Message 513 not found; No message file for product=network, facility=TNS
    nt secondary err code: 101
    nt OS err code: 0


***********************************************************************
Fatal NI connect error 12543, connecting to:
 (DESCRIPTION=(CONNECT_DATA=(SERVICE_NAME=QADB)(CID=(PROGRAM=irb)(HOST=julius-laptop)(USER=julius)))(ADDRESS=(PROTOCOL=TCP)(HOST=192.168.137.2)(PORT=1521)))

  VERSION INFORMATION:
	TNS for Linux: Version 10.2.0.1.0 - Production
	TCP/IP NT Protocol Adapter for Linux: Version 10.2.0.1.0 - Production
  Time: 09-AUG-2011 13:04:27
  Tracing not turned on.
  Tns error struct:
    ns main err code: 12543
    TNS-12543: Message 12543 not found; No message file for product=network, facility=TNS
    ns secondary err code: 12560
    nt main err code: 513
    TNS-00513: Message 513 not found; No message file for product=network, facility=TNS
    nt secondary err code: 101
    nt OS err code: 0


***********************************************************************
Fatal NI connect error 12516, connecting to:
 (DESCRIPTION=(CONNECT_DATA=(SERVICE_NAME=QADB)(CID=(PROGRAM=irb)(HOST=julius-laptop)(USER=julius)))(ADDRESS=(PROTOCOL=TCP)(HOST=192.168.137.2)(PORT=1521)))

  VERSION INFORMATION:
	TNS for Linux: Version 10.2.0.1.0 - Production
	TCP/IP NT Protocol Adapter for Linux: Version 10.2.0.1.0 - Production
  Time: 26-OCT-2011 12:55:18
  Tracing not turned on.
  Tns error struct:
    ns main err code: 12564
    TNS-12564: Message 12564 not found; No message file for product=network, facility=TNS
    ns secondary err code: 0
    nt main err code: 0
    nt secondary err code: 0
    nt OS err code: 0


***********************************************************************
Fatal NI connect error 12516, connecting to:
 (DESCRIPTION=(CONNECT_DATA=(SERVICE_NAME=QADB)(CID=(PROGRAM=irb)(HOST=julius-laptop)(USER=julius)))(ADDRESS=(PROTOCOL=TCP)(HOST=192.168.137.2)(PORT=1521)))

  VERSION INFORMATION:
	TNS for Linux: Version 10.2.0.1.0 - Production
	TCP/IP NT Protocol Adapter for Linux: Version 10.2.0.1.0 - Production
  Time: 26-OCT-2011 12:56:26
  Tracing not turned on.
  Tns error struct:
    ns main err code: 12564
    TNS-12564: Message 12564 not found; No message file for product=network, facility=TNS
    ns secondary err code: 0
    nt main err code: 0
    nt secondary err code: 0
    nt OS err code: 0


***********************************************************************
Fatal NI connect error 12516, connecting to:
 (DESCRIPTION=(CONNECT_DATA=(SERVICE_NAME=QADB)(CID=(PROGRAM=irb)(HOST=julius-laptop)(USER=julius)))(ADDRESS=(PROTOCOL=TCP)(HOST=192.168.137.2)(PORT=1521)))

  VERSION INFORMATION:
	TNS for Linux: Version 10.2.0.1.0 - Production
	TCP/IP NT Protocol Adapter for Linux: Version 10.2.0.1.0 - Production
  Time: 26-OCT-2011 12:56:31
  Tracing not turned on.
  Tns error struct:
    ns main err code: 12564
    TNS-12564: Message 12564 not found; No message file for product=network, facility=TNS
    ns secondary err code: 0
    nt main err code: 0
    nt secondary err code: 0
    nt OS err code: 0


***********************************************************************
Fatal NI connect error 12516, connecting to:
 (DESCRIPTION=(CONNECT_DATA=(SERVICE_NAME=QADB)(CID=(PROGRAM=irb)(HOST=julius-laptop)(USER=julius)))(ADDRESS=(PROTOCOL=TCP)(HOST=192.168.137.2)(PORT=1521)))

  VERSION INFORMATION:
	TNS for Linux: Version 10.2.0.1.0 - Production
	TCP/IP NT Protocol Adapter for Linux: Version 10.2.0.1.0 - Production
  Time: 26-OCT-2011 12:59:05
  Tracing not turned on.
  Tns error struct:
    ns main err code: 12564
    TNS-12564: Message 12564 not found; No message file for product=network, facility=TNS
    ns secondary err code: 0
    nt main err code: 0
    nt secondary err code: 0
    nt OS err code: 0


***********************************************************************
Fatal NI connect error 12543, connecting to:
 (DESCRIPTION=(CONNECT_DATA=(SERVICE_NAME=QADB)(CID=(PROGRAM=irb)(HOST=exist-Latitude-D520)(USER=exist)))(ADDRESS=(PROTOCOL=TCP)(HOST=192.168.137.2)(PORT=1521)))

  VERSION INFORMATION:
	TNS for Linux: Version 10.2.0.1.0 - Production
	TCP/IP NT Protocol Adapter for Linux: Version 10.2.0.1.0 - Production
  Time: 13-FEB-2012 15:35:53
  Tracing not turned on.
  Tns error struct:
    ns main err code: 12543
    TNS-12543: Message 12543 not found; No message file for product=network, facility=TNS
    ns secondary err code: 12560
    nt main err code: 513
    TNS-00513: Message 513 not found; No message file for product=network, facility=TNS
    nt secondary err code: 101
    nt OS err code: 0
